<?xml version="1.0" encoding="UTF-8"?>
<testng-results skipped="0" failed="0" ignored="0" total="1" passed="1">
  <reporter-output>
  </reporter-output>
  <suite name="Custom suite" duration-ms="347" started-at="2017-01-06T04:21:59Z" finished-at="2017-01-06T04:22:00Z">
    <groups>
      <group name="cucumber">
        <method signature="RunCukesByFeatureAndCompositionTest1.feature(cucumber.api.testng.CucumberFeatureWrapper)[pri:0, instance:com.cucumber.testng.examples.RunCukesByFeatureAndCompositionTest1@75bd9247]" name="feature" class="com.cucumber.testng.examples.RunCukesByFeatureAndCompositionTest1"/>
        <method signature="RunCukesByFeatureAndCompositionTest2.feature(cucumber.api.testng.CucumberFeatureWrapper)[pri:0, instance:com.cucumber.testng.examples.RunCukesByFeatureAndCompositionTest2@49e4cb85]" name="feature" class="com.cucumber.testng.examples.RunCukesByFeatureAndCompositionTest2"/>
      </group> <!-- cucumber -->
    </groups>
    <test name="Cucumber Date Calculator Test 1" duration-ms="316" started-at="2017-01-06T04:21:59Z" finished-at="2017-01-06T04:22:00Z">
      <class name="com.cucumber.testng.examples.RunCukesByFeatureAndCompositionTest1">
        <test-method status="PASS" signature="setUpClass()[pri:0, instance:com.cucumber.testng.examples.RunCukesByFeatureAndCompositionTest1@75bd9247]" name="setUpClass" is-config="true" duration-ms="160" started-at="2017-01-05T20:21:59Z" finished-at="2017-01-05T20:22:00Z">
          <reporter-output>
          </reporter-output>
        </test-method> <!-- setUpClass -->
        <test-method status="PASS" signature="feature(cucumber.api.testng.CucumberFeatureWrapper)[pri:0, instance:com.cucumber.testng.examples.RunCukesByFeatureAndCompositionTest1@75bd9247]" name="feature" duration-ms="87" started-at="2017-01-05T20:22:00Z" description="Runs Cucumber Feature" data-provider="features" finished-at="2017-01-05T20:22:00Z">
          <params>
            <param index="0">
              <value>
                <![CDATA[Feature1]]>
              </value>
            </param>
          </params>
          <reporter-output>
          </reporter-output>
        </test-method> <!-- feature -->
        <test-method status="PASS" signature="tearDownClass()[pri:0, instance:com.cucumber.testng.examples.RunCukesByFeatureAndCompositionTest1@75bd9247]" name="tearDownClass" is-config="true" duration-ms="8" started-at="2017-01-05T20:22:00Z" finished-at="2017-01-05T20:22:00Z">
          <reporter-output>
          </reporter-output>
        </test-method> <!-- tearDownClass -->
      </class> <!-- com.cucumber.testng.examples.RunCukesByFeatureAndCompositionTest1 -->
    </test> <!-- Cucumber Date Calculator Test 1 -->
    <test name="Cucumber Date Calculator Test 2" duration-ms="14" started-at="2017-01-06T04:22:00Z" finished-at="2017-01-06T04:22:00Z">
      <class name="com.cucumber.testng.examples.RunCukesByFeatureAndCompositionTest2">
        <test-method status="PASS" signature="setUpClass()[pri:0, instance:com.cucumber.testng.examples.RunCukesByFeatureAndCompositionTest2@49e4cb85]" name="setUpClass" is-config="true" duration-ms="10" started-at="2017-01-05T20:22:00Z" finished-at="2017-01-05T20:22:00Z">
          <reporter-output>
          </reporter-output>
        </test-method> <!-- setUpClass -->
        <test-method status="PASS" signature="tearDownClass()[pri:0, instance:com.cucumber.testng.examples.RunCukesByFeatureAndCompositionTest2@49e4cb85]" name="tearDownClass" is-config="true" duration-ms="1" started-at="2017-01-05T20:22:00Z" finished-at="2017-01-05T20:22:00Z">
          <reporter-output>
          </reporter-output>
        </test-method> <!-- tearDownClass -->
      </class> <!-- com.cucumber.testng.examples.RunCukesByFeatureAndCompositionTest2 -->
    </test> <!-- Cucumber Date Calculator Test 2 -->
  </suite> <!-- Custom suite -->
</testng-results>
